Sat Mar 14 07:00:44 2026: Running xcd server. This server was built by gradle.
Sat Mar 14 07:00:44 2026: Server was asked to start on port: '57441'
Sat Mar 14 07:00:44 2026: Server is using token UUID: '528cd67c-1f43-11f1-8960-bcfce7d3fa3d'
Sat Mar 14 07:00:44 2026: SESSION_MGR: creating session with session uuid: '6d04a3e9-ade5-4ab9-8d63-1f78fcd2ec76' and name 'default'
Sat Mar 14 07:00:44 2026: Attempting to start server on port '57441'
Sat Mar 14 07:00:44 2026: XCD main fifo: created main fifo '/tmp/xcdmain528cd67c-1f43-11f1-8960-bcfce7d3fa3d', fd read = 11
Sat Mar 14 07:00:44 2026: Running Dispatch Server
Sat Mar 14 07:00:44 2026: Version 2.2.0
Sat Mar 14 07:00:44 2026: Dispatch Server: Accepted socket connection from client
Sat Mar 14 07:00:44 2026: Starting Socket connection
Sat Mar 14 07:00:44 2026: EXCHANGE_TOKEN received, server token: 528cd67c-1f43-11f1-8960-bcfce7d3fa3d, passed token: 528cd67c-1f43-11f1-8960-bcfce7d3fa3d
Sat Mar 14 07:00:44 2026: SESSION_MGR: creating session with session uuid: 'a9ae0117-9a19-46db-a3f0-c22fd7147857' and name 'Code Analyzer'
Sat Mar 14 07:00:44 2026: KERNEL_SVC: creating session with uuid: 'a9ae0117-9a19-46db-a3f0-c22fd7147857' and name 'Code Analyzer'
Sat Mar 14 07:00:44 2026: GUIDANCE_SMGR: creating guidance session with uuid: 'a9ae0117-9a19-46db-a3f0-c22fd7147857' and name 'Code Analyzer'
Sat Mar 14 07:00:45 2026: SESSION_MGR: closing session for UUID 'a9ae0117-9a19-46db-a3f0-c22fd7147857' with name ''
Sat Mar 14 07:00:45 2026: KERNEL_SVC: closing session for UUID 'a9ae0117-9a19-46db-a3f0-c22fd7147857' with name ''
Sat Mar 14 07:00:45 2026: GUIDANCE_SMGR: closing session for UUID 'a9ae0117-9a19-46db-a3f0-c22fd7147857' with name ''
Sat Mar 14 07:00:45 2026: STOP_SERVER received, server token: 528cd67c-1f43-11f1-8960-bcfce7d3fa3d, passed token: 528cd67c-1f43-11f1-8960-bcfce7d3fa3d
Sat Mar 14 07:00:45 2026: Socket received request to stop server.
Sat Mar 14 07:00:45 2026: Dispatch Server: do_await_stop
Sat Mar 14 07:00:45 2026: Dispatch Server: stopping mainFifo_
Sat Mar 14 07:00:45 2026: XCD main fifo: Stopping
Sat Mar 14 07:00:45 2026: XCD main fifo: do_read error code: Operation canceled
Sat Mar 14 07:00:45 2026: XCD main fifo: bytes_transferred: 0
Sat Mar 14 07:00:45 2026: SERVER: destructor for server bound to port 57441
Sat Mar 14 07:00:45 2026: XCD main fifo: Good unlink of /tmp/xcdmain528cd67c-1f43-11f1-8960-bcfce7d3fa3d
Sat Mar 14 07:00:45 2026: Server exiting with status 0.
Sat Mar 14 07:00:45 2026: Closing log file.
Sat Mar 14 07:03:35 2026: Running xcd server. This server was built by gradle.
Sat Mar 14 07:03:35 2026: Server was asked to start on port: '33673'
Sat Mar 14 07:03:35 2026: Server is using token UUID: 'b8749c54-1f43-11f1-8960-bcfce7d3fa3d'
Sat Mar 14 07:03:35 2026: SESSION_MGR: creating session with session uuid: '6d04a3e9-ade5-4ab9-8d63-1f78fcd2ec76' and name 'default'
Sat Mar 14 07:03:35 2026: Attempting to start server on port '33673'
Sat Mar 14 07:03:35 2026: XCD main fifo: created main fifo '/tmp/xcdmainb8749c54-1f43-11f1-8960-bcfce7d3fa3d', fd read = 11
Sat Mar 14 07:03:35 2026: Running Dispatch Server
Sat Mar 14 07:03:35 2026: Version 2.2.0
Sat Mar 14 07:03:35 2026: Dispatch Server: Accepted socket connection from client
Sat Mar 14 07:03:35 2026: Starting Socket connection
Sat Mar 14 07:03:35 2026: EXCHANGE_TOKEN received, server token: b8749c54-1f43-11f1-8960-bcfce7d3fa3d, passed token: b8749c54-1f43-11f1-8960-bcfce7d3fa3d
Sat Mar 14 07:03:35 2026: SESSION_MGR: creating session with session uuid: '78f8445f-7758-4ff3-9762-c5ca70981f82' and name 'Code Analyzer'
Sat Mar 14 07:03:35 2026: KERNEL_SVC: creating session with uuid: '78f8445f-7758-4ff3-9762-c5ca70981f82' and name 'Code Analyzer'
Sat Mar 14 07:03:35 2026: GUIDANCE_SMGR: creating guidance session with uuid: '78f8445f-7758-4ff3-9762-c5ca70981f82' and name 'Code Analyzer'
Sat Mar 14 07:03:36 2026: SESSION_MGR: closing session for UUID '78f8445f-7758-4ff3-9762-c5ca70981f82' with name ''
Sat Mar 14 07:03:36 2026: KERNEL_SVC: closing session for UUID '78f8445f-7758-4ff3-9762-c5ca70981f82' with name ''
Sat Mar 14 07:03:36 2026: GUIDANCE_SMGR: closing session for UUID '78f8445f-7758-4ff3-9762-c5ca70981f82' with name ''
Sat Mar 14 07:03:36 2026: STOP_SERVER received, server token: b8749c54-1f43-11f1-8960-bcfce7d3fa3d, passed token: b8749c54-1f43-11f1-8960-bcfce7d3fa3d
Sat Mar 14 07:03:36 2026: Socket received request to stop server.
Sat Mar 14 07:03:36 2026: Dispatch Server: do_await_stop
Sat Mar 14 07:03:36 2026: Dispatch Server: stopping mainFifo_
Sat Mar 14 07:03:36 2026: XCD main fifo: Stopping
Sat Mar 14 07:03:36 2026: XCD main fifo: do_read error code: Operation canceled
Sat Mar 14 07:03:36 2026: XCD main fifo: bytes_transferred: 0
Sat Mar 14 07:03:36 2026: SERVER: destructor for server bound to port 33673
Sat Mar 14 07:03:36 2026: XCD main fifo: Good unlink of /tmp/xcdmainb8749c54-1f43-11f1-8960-bcfce7d3fa3d
Sat Mar 14 07:03:36 2026: Server exiting with status 0.
Sat Mar 14 07:03:36 2026: Closing log file.
Sat Mar 14 07:04:27 2026: Running xcd server. This server was built by gradle.
Sat Mar 14 07:04:27 2026: Server was asked to start on port: '34729'
Sat Mar 14 07:04:27 2026: Server is using token UUID: 'd7f2522e-1f43-11f1-8960-bcfce7d3fa3d'
Sat Mar 14 07:04:27 2026: SESSION_MGR: creating session with session uuid: '6d04a3e9-ade5-4ab9-8d63-1f78fcd2ec76' and name 'default'
Sat Mar 14 07:04:27 2026: Attempting to start server on port '34729'
Sat Mar 14 07:04:27 2026: XCD main fifo: created main fifo '/tmp/xcdmaind7f2522e-1f43-11f1-8960-bcfce7d3fa3d', fd read = 11
Sat Mar 14 07:04:27 2026: Running Dispatch Server
Sat Mar 14 07:04:27 2026: Version 2.2.0
Sat Mar 14 07:04:28 2026: Dispatch Server: Accepted socket connection from client
Sat Mar 14 07:04:28 2026: Starting Socket connection
Sat Mar 14 07:04:28 2026: EXCHANGE_TOKEN received, server token: d7f2522e-1f43-11f1-8960-bcfce7d3fa3d, passed token: d7f2522e-1f43-11f1-8960-bcfce7d3fa3d
Sat Mar 14 07:04:28 2026: SESSION_MGR: creating session with session uuid: '38bbf37e-ed79-49c6-b5e2-4176d49dc6e5' and name 'Code Analyzer'
Sat Mar 14 07:04:28 2026: KERNEL_SVC: creating session with uuid: '38bbf37e-ed79-49c6-b5e2-4176d49dc6e5' and name 'Code Analyzer'
Sat Mar 14 07:04:28 2026: GUIDANCE_SMGR: creating guidance session with uuid: '38bbf37e-ed79-49c6-b5e2-4176d49dc6e5' and name 'Code Analyzer'
Sat Mar 14 07:04:28 2026: SESSION_MGR: closing session for UUID '38bbf37e-ed79-49c6-b5e2-4176d49dc6e5' with name ''
Sat Mar 14 07:04:28 2026: KERNEL_SVC: closing session for UUID '38bbf37e-ed79-49c6-b5e2-4176d49dc6e5' with name ''
Sat Mar 14 07:04:28 2026: GUIDANCE_SMGR: closing session for UUID '38bbf37e-ed79-49c6-b5e2-4176d49dc6e5' with name ''
Sat Mar 14 07:04:28 2026: STOP_SERVER received, server token: d7f2522e-1f43-11f1-8960-bcfce7d3fa3d, passed token: d7f2522e-1f43-11f1-8960-bcfce7d3fa3d
Sat Mar 14 07:04:28 2026: Socket received request to stop server.
Sat Mar 14 07:04:28 2026: Dispatch Server: do_await_stop
Sat Mar 14 07:04:28 2026: Dispatch Server: stopping mainFifo_
Sat Mar 14 07:04:28 2026: XCD main fifo: Stopping
Sat Mar 14 07:04:28 2026: XCD main fifo: do_read error code: Operation canceled
Sat Mar 14 07:04:28 2026: XCD main fifo: bytes_transferred: 0
Sat Mar 14 07:04:28 2026: SERVER: destructor for server bound to port 34729
Sat Mar 14 07:04:28 2026: XCD main fifo: Good unlink of /tmp/xcdmaind7f2522e-1f43-11f1-8960-bcfce7d3fa3d
Sat Mar 14 07:04:28 2026: Server exiting with status 0.
Sat Mar 14 07:04:28 2026: Closing log file.
Sat Mar 14 07:04:50 2026: Running xcd server. This server was built by gradle.
Sat Mar 14 07:04:50 2026: Server was asked to start on port: '53987'
Sat Mar 14 07:04:50 2026: Server is using token UUID: 'e57fb760-1f43-11f1-8960-bcfce7d3fa3d'
Sat Mar 14 07:04:50 2026: SESSION_MGR: creating session with session uuid: '6d04a3e9-ade5-4ab9-8d63-1f78fcd2ec76' and name 'default'
Sat Mar 14 07:04:50 2026: Attempting to start server on port '53987'
Sat Mar 14 07:04:50 2026: XCD main fifo: created main fifo '/tmp/xcdmaine57fb760-1f43-11f1-8960-bcfce7d3fa3d', fd read = 11
Sat Mar 14 07:04:50 2026: Running Dispatch Server
Sat Mar 14 07:04:50 2026: Version 2.2.0
Sat Mar 14 07:04:51 2026: Dispatch Server: Accepted socket connection from client
Sat Mar 14 07:04:51 2026: Starting Socket connection
Sat Mar 14 07:04:51 2026: EXCHANGE_TOKEN received, server token: e57fb760-1f43-11f1-8960-bcfce7d3fa3d, passed token: e57fb760-1f43-11f1-8960-bcfce7d3fa3d
Sat Mar 14 07:04:51 2026: SESSION_MGR: creating session with session uuid: '7cf047f0-6f54-4512-849e-395997461b86' and name 'Code Analyzer'
Sat Mar 14 07:04:51 2026: KERNEL_SVC: creating session with uuid: '7cf047f0-6f54-4512-849e-395997461b86' and name 'Code Analyzer'
Sat Mar 14 07:04:51 2026: GUIDANCE_SMGR: creating guidance session with uuid: '7cf047f0-6f54-4512-849e-395997461b86' and name 'Code Analyzer'
Sat Mar 14 07:04:51 2026: SESSION_MGR: closing session for UUID '7cf047f0-6f54-4512-849e-395997461b86' with name ''
Sat Mar 14 07:04:51 2026: KERNEL_SVC: closing session for UUID '7cf047f0-6f54-4512-849e-395997461b86' with name ''
Sat Mar 14 07:04:51 2026: GUIDANCE_SMGR: closing session for UUID '7cf047f0-6f54-4512-849e-395997461b86' with name ''
Sat Mar 14 07:04:51 2026: STOP_SERVER received, server token: e57fb760-1f43-11f1-8960-bcfce7d3fa3d, passed token: e57fb760-1f43-11f1-8960-bcfce7d3fa3d
Sat Mar 14 07:04:51 2026: Socket received request to stop server.
Sat Mar 14 07:04:51 2026: Dispatch Server: do_await_stop
Sat Mar 14 07:04:51 2026: Dispatch Server: stopping mainFifo_
Sat Mar 14 07:04:51 2026: XCD main fifo: Stopping
Sat Mar 14 07:04:51 2026: XCD main fifo: do_read error code: Operation canceled
Sat Mar 14 07:04:51 2026: XCD main fifo: bytes_transferred: 0
Sat Mar 14 07:04:51 2026: SERVER: destructor for server bound to port 53987
Sat Mar 14 07:04:51 2026: XCD main fifo: Good unlink of /tmp/xcdmaine57fb760-1f43-11f1-8960-bcfce7d3fa3d
Sat Mar 14 07:04:51 2026: Server exiting with status 0.
Sat Mar 14 07:04:51 2026: Closing log file.
Sat Mar 14 07:05:25 2026: Running xcd server. This server was built by gradle.
Sat Mar 14 07:05:25 2026: Server was asked to start on port: '48647'
Sat Mar 14 07:05:25 2026: Server is using token UUID: 'fa24d77c-1f43-11f1-8960-bcfce7d3fa3d'
Sat Mar 14 07:05:25 2026: SESSION_MGR: creating session with session uuid: '6d04a3e9-ade5-4ab9-8d63-1f78fcd2ec76' and name 'default'
Sat Mar 14 07:05:25 2026: Attempting to start server on port '48647'
Sat Mar 14 07:05:25 2026: XCD main fifo: created main fifo '/tmp/xcdmainfa24d77c-1f43-11f1-8960-bcfce7d3fa3d', fd read = 11
Sat Mar 14 07:05:25 2026: Running Dispatch Server
Sat Mar 14 07:05:25 2026: Version 2.2.0
Sat Mar 14 07:05:26 2026: Dispatch Server: Accepted socket connection from client
Sat Mar 14 07:05:26 2026: Starting Socket connection
Sat Mar 14 07:05:26 2026: EXCHANGE_TOKEN received, server token: fa24d77c-1f43-11f1-8960-bcfce7d3fa3d, passed token: fa24d77c-1f43-11f1-8960-bcfce7d3fa3d
Sat Mar 14 07:05:26 2026: SESSION_MGR: creating session with session uuid: '34fa20d5-8f23-4bcc-a0c4-c999f1089832' and name 'Code Analyzer'
Sat Mar 14 07:05:26 2026: KERNEL_SVC: creating session with uuid: '34fa20d5-8f23-4bcc-a0c4-c999f1089832' and name 'Code Analyzer'
Sat Mar 14 07:05:26 2026: GUIDANCE_SMGR: creating guidance session with uuid: '34fa20d5-8f23-4bcc-a0c4-c999f1089832' and name 'Code Analyzer'
Sat Mar 14 07:05:26 2026: SESSION_MGR: closing session for UUID '34fa20d5-8f23-4bcc-a0c4-c999f1089832' with name ''
Sat Mar 14 07:05:26 2026: KERNEL_SVC: closing session for UUID '34fa20d5-8f23-4bcc-a0c4-c999f1089832' with name ''
Sat Mar 14 07:05:26 2026: GUIDANCE_SMGR: closing session for UUID '34fa20d5-8f23-4bcc-a0c4-c999f1089832' with name ''
Sat Mar 14 07:05:26 2026: STOP_SERVER received, server token: fa24d77c-1f43-11f1-8960-bcfce7d3fa3d, passed token: fa24d77c-1f43-11f1-8960-bcfce7d3fa3d
Sat Mar 14 07:05:26 2026: Socket received request to stop server.
Sat Mar 14 07:05:26 2026: Dispatch Server: do_await_stop
Sat Mar 14 07:05:26 2026: Dispatch Server: stopping mainFifo_
Sat Mar 14 07:05:26 2026: XCD main fifo: Stopping
Sat Mar 14 07:05:26 2026: XCD main fifo: do_read error code: Operation canceled
Sat Mar 14 07:05:26 2026: XCD main fifo: bytes_transferred: 0
Sat Mar 14 07:05:26 2026: SERVER: destructor for server bound to port 48647
Sat Mar 14 07:05:26 2026: XCD main fifo: Good unlink of /tmp/xcdmainfa24d77c-1f43-11f1-8960-bcfce7d3fa3d
Sat Mar 14 07:05:26 2026: Server exiting with status 0.
Sat Mar 14 07:05:26 2026: Closing log file.
Sat Mar 14 07:06:15 2026: Running xcd server. This server was built by gradle.
Sat Mar 14 07:06:15 2026: Server was asked to start on port: '47135'
Sat Mar 14 07:06:15 2026: Server is using token UUID: '182c13a2-1f44-11f1-8960-bcfce7d3fa3d'
Sat Mar 14 07:06:15 2026: SESSION_MGR: creating session with session uuid: '6d04a3e9-ade5-4ab9-8d63-1f78fcd2ec76' and name 'default'
Sat Mar 14 07:06:15 2026: Attempting to start server on port '47135'
Sat Mar 14 07:06:15 2026: XCD main fifo: created main fifo '/tmp/xcdmain182c13a2-1f44-11f1-8960-bcfce7d3fa3d', fd read = 11
Sat Mar 14 07:06:15 2026: Running Dispatch Server
Sat Mar 14 07:06:15 2026: Version 2.2.0
Sat Mar 14 07:06:16 2026: Dispatch Server: Accepted socket connection from client
Sat Mar 14 07:06:16 2026: Starting Socket connection
Sat Mar 14 07:06:16 2026: EXCHANGE_TOKEN received, server token: 182c13a2-1f44-11f1-8960-bcfce7d3fa3d, passed token: 182c13a2-1f44-11f1-8960-bcfce7d3fa3d
Sat Mar 14 07:06:16 2026: SESSION_MGR: creating session with session uuid: '1b5390b1-872b-4e7d-a7c4-59a3c98092cd' and name 'Code Analyzer'
Sat Mar 14 07:06:16 2026: KERNEL_SVC: creating session with uuid: '1b5390b1-872b-4e7d-a7c4-59a3c98092cd' and name 'Code Analyzer'
Sat Mar 14 07:06:16 2026: GUIDANCE_SMGR: creating guidance session with uuid: '1b5390b1-872b-4e7d-a7c4-59a3c98092cd' and name 'Code Analyzer'
Sat Mar 14 07:06:16 2026: SESSION_MGR: closing session for UUID '1b5390b1-872b-4e7d-a7c4-59a3c98092cd' with name ''
Sat Mar 14 07:06:16 2026: KERNEL_SVC: closing session for UUID '1b5390b1-872b-4e7d-a7c4-59a3c98092cd' with name ''
Sat Mar 14 07:06:16 2026: GUIDANCE_SMGR: closing session for UUID '1b5390b1-872b-4e7d-a7c4-59a3c98092cd' with name ''
Sat Mar 14 07:06:16 2026: STOP_SERVER received, server token: 182c13a2-1f44-11f1-8960-bcfce7d3fa3d, passed token: 182c13a2-1f44-11f1-8960-bcfce7d3fa3d
Sat Mar 14 07:06:16 2026: Socket received request to stop server.
Sat Mar 14 07:06:16 2026: Dispatch Server: do_await_stop
Sat Mar 14 07:06:16 2026: Dispatch Server: stopping mainFifo_
Sat Mar 14 07:06:16 2026: XCD main fifo: Stopping
Sat Mar 14 07:06:16 2026: XCD main fifo: do_read error code: Operation canceled
Sat Mar 14 07:06:16 2026: XCD main fifo: bytes_transferred: 0
Sat Mar 14 07:06:16 2026: SERVER: destructor for server bound to port 47135
Sat Mar 14 07:06:16 2026: XCD main fifo: Good unlink of /tmp/xcdmain182c13a2-1f44-11f1-8960-bcfce7d3fa3d
Sat Mar 14 07:06:16 2026: Server exiting with status 0.
Sat Mar 14 07:06:16 2026: Closing log file.
Sat Mar 14 07:07:31 2026: Running xcd server. This server was built by gradle.
Sat Mar 14 07:07:31 2026: Server was asked to start on port: '51367'
Sat Mar 14 07:07:31 2026: Server is using token UUID: '451d5b82-1f44-11f1-8960-bcfce7d3fa3d'
Sat Mar 14 07:07:31 2026: SESSION_MGR: creating session with session uuid: '6d04a3e9-ade5-4ab9-8d63-1f78fcd2ec76' and name 'default'
Sat Mar 14 07:07:31 2026: Attempting to start server on port '51367'
Sat Mar 14 07:07:31 2026: XCD main fifo: created main fifo '/tmp/xcdmain451d5b82-1f44-11f1-8960-bcfce7d3fa3d', fd read = 11
Sat Mar 14 07:07:31 2026: Running Dispatch Server
Sat Mar 14 07:07:31 2026: Version 2.2.0
Sat Mar 14 07:07:31 2026: Dispatch Server: Accepted socket connection from client
Sat Mar 14 07:07:31 2026: Starting Socket connection
Sat Mar 14 07:07:31 2026: EXCHANGE_TOKEN received, server token: 451d5b82-1f44-11f1-8960-bcfce7d3fa3d, passed token: 451d5b82-1f44-11f1-8960-bcfce7d3fa3d
Sat Mar 14 07:07:31 2026: SESSION_MGR: creating session with session uuid: 'd76f952a-81af-424b-9049-6d82be364b17' and name 'Code Analyzer'
Sat Mar 14 07:07:31 2026: KERNEL_SVC: creating session with uuid: 'd76f952a-81af-424b-9049-6d82be364b17' and name 'Code Analyzer'
Sat Mar 14 07:07:31 2026: GUIDANCE_SMGR: creating guidance session with uuid: 'd76f952a-81af-424b-9049-6d82be364b17' and name 'Code Analyzer'
Sat Mar 14 07:07:32 2026: SESSION_MGR: closing session for UUID 'd76f952a-81af-424b-9049-6d82be364b17' with name ''
Sat Mar 14 07:07:32 2026: KERNEL_SVC: closing session for UUID 'd76f952a-81af-424b-9049-6d82be364b17' with name ''
Sat Mar 14 07:07:32 2026: GUIDANCE_SMGR: closing session for UUID 'd76f952a-81af-424b-9049-6d82be364b17' with name ''
Sat Mar 14 07:07:32 2026: STOP_SERVER received, server token: 451d5b82-1f44-11f1-8960-bcfce7d3fa3d, passed token: 451d5b82-1f44-11f1-8960-bcfce7d3fa3d
Sat Mar 14 07:07:32 2026: Socket received request to stop server.
Sat Mar 14 07:07:32 2026: Dispatch Server: do_await_stop
Sat Mar 14 07:07:32 2026: Dispatch Server: stopping mainFifo_
Sat Mar 14 07:07:32 2026: XCD main fifo: Stopping
Sat Mar 14 07:07:32 2026: XCD main fifo: do_read error code: Operation canceled
Sat Mar 14 07:07:32 2026: XCD main fifo: bytes_transferred: 0
Sat Mar 14 07:07:32 2026: SERVER: destructor for server bound to port 51367
Sat Mar 14 07:07:32 2026: XCD main fifo: Good unlink of /tmp/xcdmain451d5b82-1f44-11f1-8960-bcfce7d3fa3d
Sat Mar 14 07:07:32 2026: Server exiting with status 0.
Sat Mar 14 07:07:32 2026: Closing log file.
Sat Mar 14 07:07:43 2026: Running xcd server. This server was built by gradle.
Sat Mar 14 07:07:43 2026: Server was asked to start on port: '50459'
Sat Mar 14 07:07:43 2026: Server is using token UUID: '4cb506b0-1f44-11f1-8960-bcfce7d3fa3d'
Sat Mar 14 07:07:43 2026: SESSION_MGR: creating session with session uuid: '6d04a3e9-ade5-4ab9-8d63-1f78fcd2ec76' and name 'default'
Sat Mar 14 07:07:43 2026: Attempting to start server on port '50459'
Sat Mar 14 07:07:43 2026: XCD main fifo: created main fifo '/tmp/xcdmain4cb506b0-1f44-11f1-8960-bcfce7d3fa3d', fd read = 11
Sat Mar 14 07:07:43 2026: Running Dispatch Server
Sat Mar 14 07:07:43 2026: Version 2.2.0
Sat Mar 14 07:07:44 2026: Dispatch Server: Accepted socket connection from client
Sat Mar 14 07:07:44 2026: Starting Socket connection
Sat Mar 14 07:07:44 2026: EXCHANGE_TOKEN received, server token: 4cb506b0-1f44-11f1-8960-bcfce7d3fa3d, passed token: 4cb506b0-1f44-11f1-8960-bcfce7d3fa3d
Sat Mar 14 07:07:44 2026: SESSION_MGR: creating session with session uuid: '9639039a-52c6-48fc-9869-880c40b79042' and name 'Code Analyzer'
Sat Mar 14 07:07:44 2026: KERNEL_SVC: creating session with uuid: '9639039a-52c6-48fc-9869-880c40b79042' and name 'Code Analyzer'
Sat Mar 14 07:07:44 2026: GUIDANCE_SMGR: creating guidance session with uuid: '9639039a-52c6-48fc-9869-880c40b79042' and name 'Code Analyzer'
Sat Mar 14 07:07:44 2026: SESSION_MGR: closing session for UUID '9639039a-52c6-48fc-9869-880c40b79042' with name ''
Sat Mar 14 07:07:44 2026: KERNEL_SVC: closing session for UUID '9639039a-52c6-48fc-9869-880c40b79042' with name ''
Sat Mar 14 07:07:44 2026: GUIDANCE_SMGR: closing session for UUID '9639039a-52c6-48fc-9869-880c40b79042' with name ''
Sat Mar 14 07:07:44 2026: STOP_SERVER received, server token: 4cb506b0-1f44-11f1-8960-bcfce7d3fa3d, passed token: 4cb506b0-1f44-11f1-8960-bcfce7d3fa3d
Sat Mar 14 07:07:44 2026: Socket received request to stop server.
Sat Mar 14 07:07:44 2026: Dispatch Server: do_await_stop
Sat Mar 14 07:07:44 2026: Dispatch Server: stopping mainFifo_
Sat Mar 14 07:07:44 2026: XCD main fifo: Stopping
Sat Mar 14 07:07:44 2026: XCD main fifo: do_read error code: Operation canceled
Sat Mar 14 07:07:44 2026: XCD main fifo: bytes_transferred: 0
Sat Mar 14 07:07:44 2026: SERVER: destructor for server bound to port 50459
Sat Mar 14 07:07:44 2026: XCD main fifo: Good unlink of /tmp/xcdmain4cb506b0-1f44-11f1-8960-bcfce7d3fa3d
Sat Mar 14 07:07:44 2026: Server exiting with status 0.
Sat Mar 14 07:07:44 2026: Closing log file.
Sat Mar 14 07:08:37 2026: Running xcd server. This server was built by gradle.
Sat Mar 14 07:08:37 2026: Server was asked to start on port: '55455'
Sat Mar 14 07:08:37 2026: Server is using token UUID: '6cddccb0-1f44-11f1-8960-bcfce7d3fa3d'
Sat Mar 14 07:08:37 2026: SESSION_MGR: creating session with session uuid: '6d04a3e9-ade5-4ab9-8d63-1f78fcd2ec76' and name 'default'
Sat Mar 14 07:08:37 2026: Attempting to start server on port '55455'
Sat Mar 14 07:08:37 2026: XCD main fifo: created main fifo '/tmp/xcdmain6cddccb0-1f44-11f1-8960-bcfce7d3fa3d', fd read = 11
Sat Mar 14 07:08:37 2026: Running Dispatch Server
Sat Mar 14 07:08:37 2026: Version 2.2.0
Sat Mar 14 07:08:38 2026: Dispatch Server: Accepted socket connection from client
Sat Mar 14 07:08:38 2026: Starting Socket connection
Sat Mar 14 07:08:38 2026: EXCHANGE_TOKEN received, server token: 6cddccb0-1f44-11f1-8960-bcfce7d3fa3d, passed token: 6cddccb0-1f44-11f1-8960-bcfce7d3fa3d
Sat Mar 14 07:08:38 2026: SESSION_MGR: creating session with session uuid: 'e3ec1bc0-37e8-4b26-a6b4-84af0287574e' and name 'Code Analyzer'
Sat Mar 14 07:08:38 2026: KERNEL_SVC: creating session with uuid: 'e3ec1bc0-37e8-4b26-a6b4-84af0287574e' and name 'Code Analyzer'
Sat Mar 14 07:08:38 2026: GUIDANCE_SMGR: creating guidance session with uuid: 'e3ec1bc0-37e8-4b26-a6b4-84af0287574e' and name 'Code Analyzer'
Sat Mar 14 07:08:50 2026: SESSION_MGR: closing session for UUID 'e3ec1bc0-37e8-4b26-a6b4-84af0287574e' with name ''
Sat Mar 14 07:08:50 2026: KERNEL_SVC: closing session for UUID 'e3ec1bc0-37e8-4b26-a6b4-84af0287574e' with name ''
Sat Mar 14 07:08:50 2026: GUIDANCE_SMGR: closing session for UUID 'e3ec1bc0-37e8-4b26-a6b4-84af0287574e' with name ''
Sat Mar 14 07:08:50 2026: STOP_SERVER received, server token: 6cddccb0-1f44-11f1-8960-bcfce7d3fa3d, passed token: 6cddccb0-1f44-11f1-8960-bcfce7d3fa3d
Sat Mar 14 07:08:50 2026: Socket received request to stop server.
Sat Mar 14 07:08:50 2026: Dispatch Server: do_await_stop
Sat Mar 14 07:08:50 2026: Dispatch Server: stopping mainFifo_
Sat Mar 14 07:08:50 2026: XCD main fifo: Stopping
Sat Mar 14 07:08:50 2026: XCD main fifo: do_read error code: Operation canceled
Sat Mar 14 07:08:50 2026: XCD main fifo: bytes_transferred: 0
Sat Mar 14 07:08:50 2026: SERVER: destructor for server bound to port 55455
Sat Mar 14 07:08:50 2026: XCD main fifo: Good unlink of /tmp/xcdmain6cddccb0-1f44-11f1-8960-bcfce7d3fa3d
Sat Mar 14 07:08:50 2026: Server exiting with status 0.
Sat Mar 14 07:08:50 2026: Closing log file.
