INFO: [HLS 200-2005] Using work_dir /home/shashank/projects/digit-recognition-fpga/hls/hls_component/mlp_inference 
INFO: [HLS 200-1505] Using default flow_target 'vivado'
Resolution: For help on HLS 200-1505 see docs.xilinx.com/access/sources/dita/topic?Doc_Version=2024.2%20English&url=ug1448-hls-guidance&resourceid=200-1505.html
WARNING: [HLS 200-1921] Skipping unknown ini [hls] entry 'syn.include_path=/home/shashank/projects/digit-recognition-fpga/hls/src' from /home/shashank/projects/digit-recognition-fpga/hls/hls_component/hls_config.cfg(13)
WARNING: [HLS 200-1921] Skipping unknown ini [hls] entry 'tb.include_path=/home/shashank/projects/digit-recognition-fpga/hls/src' from /home/shashank/projects/digit-recognition-fpga/hls/hls_component/hls_config.cfg(14)
INFO: [HLS 200-1465] Applying ini 'syn.file=/home/shashank/projects/digit-recognition-fpga/hls/src/mlp.cpp' from /home/shashank/projects/digit-recognition-fpga/hls/hls_component/hls_config.cfg(8)
INFO: [HLS 200-10] Adding design file '/home/shashank/projects/digit-recognition-fpga/hls/src/mlp.cpp' to the project
INFO: [HLS 200-1465] Applying ini 'tb.file=/home/shashank/projects/digit-recognition-fpga/hls/tb/tb_mlp.cpp' from /home/shashank/projects/digit-recognition-fpga/hls/hls_component/hls_config.cfg(9)
INFO: [HLS 200-10] Adding test bench file '/home/shashank/projects/digit-recognition-fpga/hls/tb/tb_mlp.cpp' to the project
INFO: [HLS 200-1465] Applying ini 'syn.top=mlp_inference' from /home/shashank/projects/digit-recognition-fpga/hls/hls_component/hls_config.cfg(7)
INFO: [HLS 200-1465] Applying ini 'flow_target=vivado' from /home/shashank/projects/digit-recognition-fpga/hls/hls_component/hls_config.cfg(4)
INFO: [HLS 200-1505] Using flow_target 'vivado'
Resolution: For help on HLS 200-1505 see docs.xilinx.com/access/sources/dita/topic?Doc_Version=2024.2%20English&url=ug1448-hls-guidance&resourceid=200-1505.html
INFO: [HLS 200-1465] Applying ini 'part=xc7a100tcsg324-1' from /home/shashank/projects/digit-recognition-fpga/hls/hls_component/hls_config.cfg(1)
INFO: [HLS 200-1611] Setting target device to 'xc7a100t-csg324-1'
INFO: [HLS 200-1465] Applying ini 'clock=10ns' from /home/shashank/projects/digit-recognition-fpga/hls/hls_component/hls_config.cfg(10)
INFO: [SYN 201-201] Setting up clock 'default' with a period of 10ns.
INFO: [HLS 200-1465] Applying ini 'clock_uncertainty=27%' from /home/shashank/projects/digit-recognition-fpga/hls/hls_component/hls_config.cfg(11)
INFO: [SYN 201-201] Setting up clock 'default' with an uncertainty of 2.7ns.
INFO: [HLS 200-1465] Applying ini 'csim.code_analyzer=1' from /home/shashank/projects/digit-recognition-fpga/hls/hls_component/hls_config.cfg(12)
INFO: [HLS 200-1465] Applying ini 'package.output.format=ip_catalog' from /home/shashank/projects/digit-recognition-fpga/hls/hls_component/hls_config.cfg(5)
INFO: [SIM 211-200] Executing Code Analyzer instead of classic HLS C simulation
INFO: [HLS 211-200] Compiling source code ../src/mlp.cpp as hardware code with instrumentation
INFO: [HLS 211-200] Compiling source code /home/shashank/projects/digit-recognition-fpga/hls/tb/tb_mlp.cpp as test bench code with instrumentation
INFO: [HLS 211-200] Compiling source code ../src/mlp.cpp as test bench code with instrumentation
/home/shashank/projects/digit-recognition-fpga/hls/tb/tb_mlp.cpp:3:10: fatal error: 'mlp.h' file not found
#include "mlp.h"
         ^~~~~~~
1 error generated.
slxcmd:0:0: warning: Non-zero exit code: 1 returned by 'INFO: [HLS 211-200] Compiling source code /home/shashank/projects/digit-recognition-fpga/hls/tb/tb_mlp.cpp as test bench code with instrumentation'
ERROR: [SIM 211-200] Code Analyzer execution failed. Consider running the classic C simulation instead by disabling the hls.csim.code_analyzer option in the config file.
ERROR: Problem running csim: child process exited abnormally
INFO: [HLS 200-112] Total CPU user time: 3.32 seconds. Total CPU system time: 0.37 seconds. Total elapsed time: 4.27 seconds; peak allocated memory: 218.207 MB.
