Sat Mar 14 07:00:38 2026: Running xcd server. This server was built by gradle.
Sat Mar 14 07:00:38 2026: Server was asked to start on port: '34783'
Sat Mar 14 07:00:38 2026: Server is using token UUID: 'e69b6ad5-3417-4cc4-b9e9-8b67a1e177a5'
Sat Mar 14 07:00:38 2026: SESSION_MGR: creating session with session uuid: '6d04a3e9-ade5-4ab9-8d63-1f78fcd2ec76' and name 'default'
Sat Mar 14 07:00:38 2026: Attempting to start server on port '34783'
Sat Mar 14 07:00:38 2026: XCD main fifo: created main fifo '/tmp/xcdmaine69b6ad5-3417-4cc4-b9e9-8b67a1e177a5', fd read = 13
Sat Mar 14 07:00:38 2026: Running Dispatch Server
Sat Mar 14 07:00:38 2026: Version 2.2.0
Sat Mar 14 07:00:39 2026: Dispatch Server: Accepted socket connection from client
Sat Mar 14 07:00:39 2026: Starting Socket connection
Sat Mar 14 07:00:39 2026: EXCHANGE_TOKEN received, server token: e69b6ad5-3417-4cc4-b9e9-8b67a1e177a5, passed token: e69b6ad5-3417-4cc4-b9e9-8b67a1e177a5
Sat Mar 14 07:00:40 2026: DISPATCH_HANDLER: Adding handler from function makeHandler in library libxv_system_diagram
Sat Mar 14 07:00:40 2026: SESSION_MGR: creating session with session uuid: '62807aae-bd36-4e57-8868-d7e84d013a4a' and name 'vitis-run_compile_mlp_inference'
Sat Mar 14 07:00:40 2026: KERNEL_SVC: creating session with uuid: '62807aae-bd36-4e57-8868-d7e84d013a4a' and name 'vitis-run_compile_mlp_inference'
Sat Mar 14 07:00:40 2026: GUIDANCE_SMGR: creating guidance session with uuid: '62807aae-bd36-4e57-8868-d7e84d013a4a' and name 'vitis-run_compile_mlp_inference'
Sat Mar 14 07:00:40 2026: SYSTEM_DIAGRAM: creating session with uuid: '62807aae-bd36-4e57-8868-d7e84d013a4a' and name 'vitis-run_compile_mlp_inference'
Sat Mar 14 07:00:42 2026: Dispatch Server: Accepted socket connection from client
Sat Mar 14 07:00:42 2026: Starting Socket connection
Sat Mar 14 07:00:45 2026: SESSION_MGR: closing session for UUID '62807aae-bd36-4e57-8868-d7e84d013a4a' with name 'vitis-run_compile_mlp_inference'
Sat Mar 14 07:00:45 2026: KERNEL_SVC: closing session for UUID '62807aae-bd36-4e57-8868-d7e84d013a4a' with name 'vitis-run_compile_mlp_inference'
Sat Mar 14 07:00:45 2026: GUIDANCE_SMGR: closing session for UUID '62807aae-bd36-4e57-8868-d7e84d013a4a' with name 'vitis-run_compile_mlp_inference'
Sat Mar 14 07:00:45 2026: SYSTEM_DIAGRAM: closing session for UUID '62807aae-bd36-4e57-8868-d7e84d013a4a' with name 'vitis-run_compile_mlp_inference'
Sat Mar 14 07:00:45 2026: STOP_SERVER received, server token: e69b6ad5-3417-4cc4-b9e9-8b67a1e177a5, passed token: e69b6ad5-3417-4cc4-b9e9-8b67a1e177a5
Sat Mar 14 07:00:45 2026: Socket received request to stop server.
Sat Mar 14 07:00:45 2026: Dispatch Server: do_await_stop
Sat Mar 14 07:00:45 2026: Dispatch Server: stopping mainFifo_
Sat Mar 14 07:00:45 2026: XCD main fifo: Stopping
Sat Mar 14 07:00:45 2026: XCD main fifo: do_read error code: Operation canceled
Sat Mar 14 07:00:45 2026: XCD main fifo: bytes_transferred: 0
Sat Mar 14 07:00:45 2026: SERVER: destructor for server bound to port 34783
Sat Mar 14 07:00:45 2026: XCD main fifo: Good unlink of /tmp/xcdmaine69b6ad5-3417-4cc4-b9e9-8b67a1e177a5
Sat Mar 14 07:00:45 2026: Server exiting with status 0.
Sat Mar 14 07:00:45 2026: Closing log file.
Sat Mar 14 07:03:29 2026: Running xcd server. This server was built by gradle.
Sat Mar 14 07:03:29 2026: Server was asked to start on port: '33999'
Sat Mar 14 07:03:29 2026: Server is using token UUID: '1865e290-e2f0-474a-b7c1-ef68a2816811'
Sat Mar 14 07:03:29 2026: SESSION_MGR: creating session with session uuid: '6d04a3e9-ade5-4ab9-8d63-1f78fcd2ec76' and name 'default'
Sat Mar 14 07:03:29 2026: Attempting to start server on port '33999'
Sat Mar 14 07:03:29 2026: XCD main fifo: created main fifo '/tmp/xcdmain1865e290-e2f0-474a-b7c1-ef68a2816811', fd read = 13
Sat Mar 14 07:03:29 2026: Running Dispatch Server
Sat Mar 14 07:03:29 2026: Version 2.2.0
Sat Mar 14 07:03:30 2026: Dispatch Server: Accepted socket connection from client
Sat Mar 14 07:03:30 2026: Starting Socket connection
Sat Mar 14 07:03:30 2026: EXCHANGE_TOKEN received, server token: 1865e290-e2f0-474a-b7c1-ef68a2816811, passed token: 1865e290-e2f0-474a-b7c1-ef68a2816811
Sat Mar 14 07:03:31 2026: DISPATCH_HANDLER: Adding handler from function makeHandler in library libxv_system_diagram
Sat Mar 14 07:03:31 2026: SESSION_MGR: creating session with session uuid: 'd1b2b87e-97b9-4bda-a02a-d6f230abf67f' and name 'vitis-run_compile_mlp_inference'
Sat Mar 14 07:03:31 2026: KERNEL_SVC: creating session with uuid: 'd1b2b87e-97b9-4bda-a02a-d6f230abf67f' and name 'vitis-run_compile_mlp_inference'
Sat Mar 14 07:03:31 2026: GUIDANCE_SMGR: creating guidance session with uuid: 'd1b2b87e-97b9-4bda-a02a-d6f230abf67f' and name 'vitis-run_compile_mlp_inference'
Sat Mar 14 07:03:31 2026: SYSTEM_DIAGRAM: creating session with uuid: 'd1b2b87e-97b9-4bda-a02a-d6f230abf67f' and name 'vitis-run_compile_mlp_inference'
Sat Mar 14 07:03:33 2026: Dispatch Server: Accepted socket connection from client
Sat Mar 14 07:03:33 2026: Starting Socket connection
Sat Mar 14 07:03:36 2026: SESSION_MGR: closing session for UUID 'd1b2b87e-97b9-4bda-a02a-d6f230abf67f' with name 'vitis-run_compile_mlp_inference'
Sat Mar 14 07:03:36 2026: KERNEL_SVC: closing session for UUID 'd1b2b87e-97b9-4bda-a02a-d6f230abf67f' with name 'vitis-run_compile_mlp_inference'
Sat Mar 14 07:03:36 2026: GUIDANCE_SMGR: closing session for UUID 'd1b2b87e-97b9-4bda-a02a-d6f230abf67f' with name 'vitis-run_compile_mlp_inference'
Sat Mar 14 07:03:36 2026: SYSTEM_DIAGRAM: closing session for UUID 'd1b2b87e-97b9-4bda-a02a-d6f230abf67f' with name 'vitis-run_compile_mlp_inference'
Sat Mar 14 07:03:36 2026: STOP_SERVER received, server token: 1865e290-e2f0-474a-b7c1-ef68a2816811, passed token: 1865e290-e2f0-474a-b7c1-ef68a2816811
Sat Mar 14 07:03:36 2026: Socket received request to stop server.
Sat Mar 14 07:03:36 2026: Dispatch Server: do_await_stop
Sat Mar 14 07:03:36 2026: Dispatch Server: stopping mainFifo_
Sat Mar 14 07:03:36 2026: XCD main fifo: Stopping
Sat Mar 14 07:03:36 2026: XCD main fifo: do_read error code: Operation canceled
Sat Mar 14 07:03:36 2026: XCD main fifo: bytes_transferred: 0
Sat Mar 14 07:03:36 2026: SERVER: destructor for server bound to port 33999
Sat Mar 14 07:03:36 2026: XCD main fifo: Good unlink of /tmp/xcdmain1865e290-e2f0-474a-b7c1-ef68a2816811
Sat Mar 14 07:03:36 2026: Server exiting with status 0.
Sat Mar 14 07:03:36 2026: Closing log file.
Sat Mar 14 07:04:21 2026: Running xcd server. This server was built by gradle.
Sat Mar 14 07:04:21 2026: Server was asked to start on port: '44465'
Sat Mar 14 07:04:21 2026: Server is using token UUID: '317f92f2-35b1-49f6-9746-f7d2c979c029'
Sat Mar 14 07:04:21 2026: SESSION_MGR: creating session with session uuid: '6d04a3e9-ade5-4ab9-8d63-1f78fcd2ec76' and name 'default'
Sat Mar 14 07:04:21 2026: Attempting to start server on port '44465'
Sat Mar 14 07:04:21 2026: XCD main fifo: created main fifo '/tmp/xcdmain317f92f2-35b1-49f6-9746-f7d2c979c029', fd read = 13
Sat Mar 14 07:04:21 2026: Running Dispatch Server
Sat Mar 14 07:04:21 2026: Version 2.2.0
Sat Mar 14 07:04:23 2026: Dispatch Server: Accepted socket connection from client
Sat Mar 14 07:04:23 2026: Starting Socket connection
Sat Mar 14 07:04:23 2026: EXCHANGE_TOKEN received, server token: 317f92f2-35b1-49f6-9746-f7d2c979c029, passed token: 317f92f2-35b1-49f6-9746-f7d2c979c029
Sat Mar 14 07:04:23 2026: DISPATCH_HANDLER: Adding handler from function makeHandler in library libxv_system_diagram
Sat Mar 14 07:04:23 2026: SESSION_MGR: creating session with session uuid: '4873e180-92c8-4f10-bc63-82fd96ab3618' and name 'vitis-run_compile_mlp_inference'
Sat Mar 14 07:04:23 2026: KERNEL_SVC: creating session with uuid: '4873e180-92c8-4f10-bc63-82fd96ab3618' and name 'vitis-run_compile_mlp_inference'
Sat Mar 14 07:04:23 2026: GUIDANCE_SMGR: creating guidance session with uuid: '4873e180-92c8-4f10-bc63-82fd96ab3618' and name 'vitis-run_compile_mlp_inference'
Sat Mar 14 07:04:23 2026: SYSTEM_DIAGRAM: creating session with uuid: '4873e180-92c8-4f10-bc63-82fd96ab3618' and name 'vitis-run_compile_mlp_inference'
Sat Mar 14 07:04:26 2026: Dispatch Server: Accepted socket connection from client
Sat Mar 14 07:04:26 2026: Starting Socket connection
Sat Mar 14 07:04:29 2026: SESSION_MGR: closing session for UUID '4873e180-92c8-4f10-bc63-82fd96ab3618' with name 'vitis-run_compile_mlp_inference'
Sat Mar 14 07:04:29 2026: KERNEL_SVC: closing session for UUID '4873e180-92c8-4f10-bc63-82fd96ab3618' with name 'vitis-run_compile_mlp_inference'
Sat Mar 14 07:04:29 2026: GUIDANCE_SMGR: closing session for UUID '4873e180-92c8-4f10-bc63-82fd96ab3618' with name 'vitis-run_compile_mlp_inference'
Sat Mar 14 07:04:29 2026: SYSTEM_DIAGRAM: closing session for UUID '4873e180-92c8-4f10-bc63-82fd96ab3618' with name 'vitis-run_compile_mlp_inference'
Sat Mar 14 07:04:29 2026: STOP_SERVER received, server token: 317f92f2-35b1-49f6-9746-f7d2c979c029, passed token: 317f92f2-35b1-49f6-9746-f7d2c979c029
Sat Mar 14 07:04:29 2026: Socket received request to stop server.
Sat Mar 14 07:04:29 2026: Dispatch Server: do_await_stop
Sat Mar 14 07:04:29 2026: Dispatch Server: stopping mainFifo_
Sat Mar 14 07:04:29 2026: XCD main fifo: Stopping
Sat Mar 14 07:04:29 2026: XCD main fifo: do_read error code: Operation canceled
Sat Mar 14 07:04:29 2026: XCD main fifo: bytes_transferred: 0
Sat Mar 14 07:04:29 2026: SERVER: destructor for server bound to port 44465
Sat Mar 14 07:04:29 2026: XCD main fifo: Good unlink of /tmp/xcdmain317f92f2-35b1-49f6-9746-f7d2c979c029
Sat Mar 14 07:04:29 2026: Server exiting with status 0.
Sat Mar 14 07:04:29 2026: Closing log file.
Sat Mar 14 07:04:44 2026: Running xcd server. This server was built by gradle.
Sat Mar 14 07:04:44 2026: Server was asked to start on port: '43973'
Sat Mar 14 07:04:44 2026: Server is using token UUID: '878e2b43-56a3-48e8-9ad7-94d3c44aa04d'
Sat Mar 14 07:04:44 2026: SESSION_MGR: creating session with session uuid: '6d04a3e9-ade5-4ab9-8d63-1f78fcd2ec76' and name 'default'
Sat Mar 14 07:04:44 2026: Attempting to start server on port '43973'
Sat Mar 14 07:04:44 2026: XCD main fifo: created main fifo '/tmp/xcdmain878e2b43-56a3-48e8-9ad7-94d3c44aa04d', fd read = 13
Sat Mar 14 07:04:44 2026: Running Dispatch Server
Sat Mar 14 07:04:44 2026: Version 2.2.0
Sat Mar 14 07:04:46 2026: Dispatch Server: Accepted socket connection from client
Sat Mar 14 07:04:46 2026: Starting Socket connection
Sat Mar 14 07:04:46 2026: EXCHANGE_TOKEN received, server token: 878e2b43-56a3-48e8-9ad7-94d3c44aa04d, passed token: 878e2b43-56a3-48e8-9ad7-94d3c44aa04d
Sat Mar 14 07:04:46 2026: DISPATCH_HANDLER: Adding handler from function makeHandler in library libxv_system_diagram
Sat Mar 14 07:04:46 2026: SESSION_MGR: creating session with session uuid: '6be95690-b063-4cde-ac92-6dc7717fea4a' and name 'vitis-run_compile_mlp_inference'
Sat Mar 14 07:04:46 2026: KERNEL_SVC: creating session with uuid: '6be95690-b063-4cde-ac92-6dc7717fea4a' and name 'vitis-run_compile_mlp_inference'
Sat Mar 14 07:04:46 2026: GUIDANCE_SMGR: creating guidance session with uuid: '6be95690-b063-4cde-ac92-6dc7717fea4a' and name 'vitis-run_compile_mlp_inference'
Sat Mar 14 07:04:46 2026: SYSTEM_DIAGRAM: creating session with uuid: '6be95690-b063-4cde-ac92-6dc7717fea4a' and name 'vitis-run_compile_mlp_inference'
Sat Mar 14 07:04:49 2026: Dispatch Server: Accepted socket connection from client
Sat Mar 14 07:04:49 2026: Starting Socket connection
Sat Mar 14 07:04:51 2026: SESSION_MGR: closing session for UUID '6be95690-b063-4cde-ac92-6dc7717fea4a' with name 'vitis-run_compile_mlp_inference'
Sat Mar 14 07:04:51 2026: KERNEL_SVC: closing session for UUID '6be95690-b063-4cde-ac92-6dc7717fea4a' with name 'vitis-run_compile_mlp_inference'
Sat Mar 14 07:04:51 2026: GUIDANCE_SMGR: closing session for UUID '6be95690-b063-4cde-ac92-6dc7717fea4a' with name 'vitis-run_compile_mlp_inference'
Sat Mar 14 07:04:51 2026: SYSTEM_DIAGRAM: closing session for UUID '6be95690-b063-4cde-ac92-6dc7717fea4a' with name 'vitis-run_compile_mlp_inference'
Sat Mar 14 07:04:51 2026: STOP_SERVER received, server token: 878e2b43-56a3-48e8-9ad7-94d3c44aa04d, passed token: 878e2b43-56a3-48e8-9ad7-94d3c44aa04d
Sat Mar 14 07:04:51 2026: Socket received request to stop server.
Sat Mar 14 07:04:51 2026: Dispatch Server: do_await_stop
Sat Mar 14 07:04:51 2026: Dispatch Server: stopping mainFifo_
Sat Mar 14 07:04:51 2026: XCD main fifo: Stopping
Sat Mar 14 07:04:51 2026: XCD main fifo: do_read error code: Operation canceled
Sat Mar 14 07:04:51 2026: XCD main fifo: bytes_transferred: 0
Sat Mar 14 07:04:51 2026: SERVER: destructor for server bound to port 43973
Sat Mar 14 07:04:51 2026: XCD main fifo: Good unlink of /tmp/xcdmain878e2b43-56a3-48e8-9ad7-94d3c44aa04d
Sat Mar 14 07:04:51 2026: Server exiting with status 0.
Sat Mar 14 07:04:51 2026: Closing log file.
Sat Mar 14 07:05:19 2026: Running xcd server. This server was built by gradle.
Sat Mar 14 07:05:19 2026: Server was asked to start on port: '37887'
Sat Mar 14 07:05:19 2026: Server is using token UUID: '4020249f-fd9c-4732-8b9b-b560dd69b5b0'
Sat Mar 14 07:05:19 2026: SESSION_MGR: creating session with session uuid: '6d04a3e9-ade5-4ab9-8d63-1f78fcd2ec76' and name 'default'
Sat Mar 14 07:05:19 2026: Attempting to start server on port '37887'
Sat Mar 14 07:05:19 2026: XCD main fifo: created main fifo '/tmp/xcdmain4020249f-fd9c-4732-8b9b-b560dd69b5b0', fd read = 13
Sat Mar 14 07:05:19 2026: Running Dispatch Server
Sat Mar 14 07:05:19 2026: Version 2.2.0
Sat Mar 14 07:05:21 2026: Dispatch Server: Accepted socket connection from client
Sat Mar 14 07:05:21 2026: Starting Socket connection
Sat Mar 14 07:05:21 2026: EXCHANGE_TOKEN received, server token: 4020249f-fd9c-4732-8b9b-b560dd69b5b0, passed token: 4020249f-fd9c-4732-8b9b-b560dd69b5b0
Sat Mar 14 07:05:21 2026: DISPATCH_HANDLER: Adding handler from function makeHandler in library libxv_system_diagram
Sat Mar 14 07:05:21 2026: SESSION_MGR: creating session with session uuid: '09862bf0-6535-4d21-ae23-6495fc665132' and name 'vitis-run_compile_mlp_inference'
Sat Mar 14 07:05:21 2026: KERNEL_SVC: creating session with uuid: '09862bf0-6535-4d21-ae23-6495fc665132' and name 'vitis-run_compile_mlp_inference'
Sat Mar 14 07:05:21 2026: GUIDANCE_SMGR: creating guidance session with uuid: '09862bf0-6535-4d21-ae23-6495fc665132' and name 'vitis-run_compile_mlp_inference'
Sat Mar 14 07:05:21 2026: SYSTEM_DIAGRAM: creating session with uuid: '09862bf0-6535-4d21-ae23-6495fc665132' and name 'vitis-run_compile_mlp_inference'
Sat Mar 14 07:05:23 2026: Dispatch Server: Accepted socket connection from client
Sat Mar 14 07:05:23 2026: Starting Socket connection
Sat Mar 14 07:05:26 2026: SESSION_MGR: closing session for UUID '09862bf0-6535-4d21-ae23-6495fc665132' with name 'vitis-run_compile_mlp_inference'
Sat Mar 14 07:05:26 2026: KERNEL_SVC: closing session for UUID '09862bf0-6535-4d21-ae23-6495fc665132' with name 'vitis-run_compile_mlp_inference'
Sat Mar 14 07:05:26 2026: GUIDANCE_SMGR: closing session for UUID '09862bf0-6535-4d21-ae23-6495fc665132' with name 'vitis-run_compile_mlp_inference'
Sat Mar 14 07:05:26 2026: SYSTEM_DIAGRAM: closing session for UUID '09862bf0-6535-4d21-ae23-6495fc665132' with name 'vitis-run_compile_mlp_inference'
Sat Mar 14 07:05:26 2026: STOP_SERVER received, server token: 4020249f-fd9c-4732-8b9b-b560dd69b5b0, passed token: 4020249f-fd9c-4732-8b9b-b560dd69b5b0
Sat Mar 14 07:05:26 2026: Socket received request to stop server.
Sat Mar 14 07:05:26 2026: Dispatch Server: do_await_stop
Sat Mar 14 07:05:26 2026: Dispatch Server: stopping mainFifo_
Sat Mar 14 07:05:26 2026: XCD main fifo: Stopping
Sat Mar 14 07:05:26 2026: XCD main fifo: do_read error code: Operation canceled
Sat Mar 14 07:05:26 2026: XCD main fifo: bytes_transferred: 0
Sat Mar 14 07:05:26 2026: SERVER: destructor for server bound to port 37887
Sat Mar 14 07:05:26 2026: XCD main fifo: Good unlink of /tmp/xcdmain4020249f-fd9c-4732-8b9b-b560dd69b5b0
Sat Mar 14 07:05:26 2026: Server exiting with status 0.
Sat Mar 14 07:05:26 2026: Closing log file.
Sat Mar 14 07:06:09 2026: Running xcd server. This server was built by gradle.
Sat Mar 14 07:06:09 2026: Server was asked to start on port: '35341'
Sat Mar 14 07:06:09 2026: Server is using token UUID: '5fa49eb2-3cb3-4496-9d30-adeb341fe312'
Sat Mar 14 07:06:09 2026: SESSION_MGR: creating session with session uuid: '6d04a3e9-ade5-4ab9-8d63-1f78fcd2ec76' and name 'default'
Sat Mar 14 07:06:09 2026: Attempting to start server on port '35341'
Sat Mar 14 07:06:09 2026: XCD main fifo: created main fifo '/tmp/xcdmain5fa49eb2-3cb3-4496-9d30-adeb341fe312', fd read = 13
Sat Mar 14 07:06:09 2026: Running Dispatch Server
Sat Mar 14 07:06:09 2026: Version 2.2.0
Sat Mar 14 07:06:11 2026: Dispatch Server: Accepted socket connection from client
Sat Mar 14 07:06:11 2026: Starting Socket connection
Sat Mar 14 07:06:11 2026: EXCHANGE_TOKEN received, server token: 5fa49eb2-3cb3-4496-9d30-adeb341fe312, passed token: 5fa49eb2-3cb3-4496-9d30-adeb341fe312
Sat Mar 14 07:06:11 2026: DISPATCH_HANDLER: Adding handler from function makeHandler in library libxv_system_diagram
Sat Mar 14 07:06:11 2026: SESSION_MGR: creating session with session uuid: '89cfded3-a92c-4c62-9ea6-9f1e7681cf6d' and name 'vitis-run_compile_mlp_inference'
Sat Mar 14 07:06:11 2026: KERNEL_SVC: creating session with uuid: '89cfded3-a92c-4c62-9ea6-9f1e7681cf6d' and name 'vitis-run_compile_mlp_inference'
Sat Mar 14 07:06:11 2026: GUIDANCE_SMGR: creating guidance session with uuid: '89cfded3-a92c-4c62-9ea6-9f1e7681cf6d' and name 'vitis-run_compile_mlp_inference'
Sat Mar 14 07:06:11 2026: SYSTEM_DIAGRAM: creating session with uuid: '89cfded3-a92c-4c62-9ea6-9f1e7681cf6d' and name 'vitis-run_compile_mlp_inference'
Sat Mar 14 07:06:14 2026: Dispatch Server: Accepted socket connection from client
Sat Mar 14 07:06:14 2026: Starting Socket connection
Sat Mar 14 07:06:16 2026: SESSION_MGR: closing session for UUID '89cfded3-a92c-4c62-9ea6-9f1e7681cf6d' with name 'vitis-run_compile_mlp_inference'
Sat Mar 14 07:06:16 2026: KERNEL_SVC: closing session for UUID '89cfded3-a92c-4c62-9ea6-9f1e7681cf6d' with name 'vitis-run_compile_mlp_inference'
Sat Mar 14 07:06:16 2026: GUIDANCE_SMGR: closing session for UUID '89cfded3-a92c-4c62-9ea6-9f1e7681cf6d' with name 'vitis-run_compile_mlp_inference'
Sat Mar 14 07:06:16 2026: SYSTEM_DIAGRAM: closing session for UUID '89cfded3-a92c-4c62-9ea6-9f1e7681cf6d' with name 'vitis-run_compile_mlp_inference'
Sat Mar 14 07:06:16 2026: STOP_SERVER received, server token: 5fa49eb2-3cb3-4496-9d30-adeb341fe312, passed token: 5fa49eb2-3cb3-4496-9d30-adeb341fe312
Sat Mar 14 07:06:16 2026: Socket received request to stop server.
Sat Mar 14 07:06:16 2026: Dispatch Server: do_await_stop
Sat Mar 14 07:06:16 2026: Dispatch Server: stopping mainFifo_
Sat Mar 14 07:06:16 2026: XCD main fifo: Stopping
Sat Mar 14 07:06:16 2026: XCD main fifo: do_read error code: Operation canceled
Sat Mar 14 07:06:16 2026: XCD main fifo: bytes_transferred: 0
Sat Mar 14 07:06:16 2026: SERVER: destructor for server bound to port 35341
Sat Mar 14 07:06:16 2026: XCD main fifo: Good unlink of /tmp/xcdmain5fa49eb2-3cb3-4496-9d30-adeb341fe312
Sat Mar 14 07:06:16 2026: Server exiting with status 0.
Sat Mar 14 07:06:16 2026: Closing log file.
Sat Mar 14 07:07:25 2026: Running xcd server. This server was built by gradle.
Sat Mar 14 07:07:25 2026: Server was asked to start on port: '46407'
Sat Mar 14 07:07:25 2026: Server is using token UUID: '1c632de9-284b-4bfa-a690-067f2f56b37d'
Sat Mar 14 07:07:25 2026: SESSION_MGR: creating session with session uuid: '6d04a3e9-ade5-4ab9-8d63-1f78fcd2ec76' and name 'default'
Sat Mar 14 07:07:25 2026: Attempting to start server on port '46407'
Sat Mar 14 07:07:25 2026: XCD main fifo: created main fifo '/tmp/xcdmain1c632de9-284b-4bfa-a690-067f2f56b37d', fd read = 13
Sat Mar 14 07:07:25 2026: Running Dispatch Server
Sat Mar 14 07:07:25 2026: Version 2.2.0
Sat Mar 14 07:07:26 2026: Dispatch Server: Accepted socket connection from client
Sat Mar 14 07:07:26 2026: Starting Socket connection
Sat Mar 14 07:07:26 2026: EXCHANGE_TOKEN received, server token: 1c632de9-284b-4bfa-a690-067f2f56b37d, passed token: 1c632de9-284b-4bfa-a690-067f2f56b37d
Sat Mar 14 07:07:27 2026: DISPATCH_HANDLER: Adding handler from function makeHandler in library libxv_system_diagram
Sat Mar 14 07:07:27 2026: SESSION_MGR: creating session with session uuid: '5cbc050c-ad0f-4677-8fb9-7ce31a748fa7' and name 'vitis-run_compile_mlp_inference'
Sat Mar 14 07:07:27 2026: KERNEL_SVC: creating session with uuid: '5cbc050c-ad0f-4677-8fb9-7ce31a748fa7' and name 'vitis-run_compile_mlp_inference'
Sat Mar 14 07:07:27 2026: GUIDANCE_SMGR: creating guidance session with uuid: '5cbc050c-ad0f-4677-8fb9-7ce31a748fa7' and name 'vitis-run_compile_mlp_inference'
Sat Mar 14 07:07:27 2026: SYSTEM_DIAGRAM: creating session with uuid: '5cbc050c-ad0f-4677-8fb9-7ce31a748fa7' and name 'vitis-run_compile_mlp_inference'
Sat Mar 14 07:07:29 2026: Dispatch Server: Accepted socket connection from client
Sat Mar 14 07:07:29 2026: Starting Socket connection
Sat Mar 14 07:07:32 2026: SESSION_MGR: closing session for UUID '5cbc050c-ad0f-4677-8fb9-7ce31a748fa7' with name 'vitis-run_compile_mlp_inference'
Sat Mar 14 07:07:32 2026: KERNEL_SVC: closing session for UUID '5cbc050c-ad0f-4677-8fb9-7ce31a748fa7' with name 'vitis-run_compile_mlp_inference'
Sat Mar 14 07:07:32 2026: GUIDANCE_SMGR: closing session for UUID '5cbc050c-ad0f-4677-8fb9-7ce31a748fa7' with name 'vitis-run_compile_mlp_inference'
Sat Mar 14 07:07:32 2026: SYSTEM_DIAGRAM: closing session for UUID '5cbc050c-ad0f-4677-8fb9-7ce31a748fa7' with name 'vitis-run_compile_mlp_inference'
Sat Mar 14 07:07:32 2026: STOP_SERVER received, server token: 1c632de9-284b-4bfa-a690-067f2f56b37d, passed token: 1c632de9-284b-4bfa-a690-067f2f56b37d
Sat Mar 14 07:07:32 2026: Socket received request to stop server.
Sat Mar 14 07:07:32 2026: Dispatch Server: do_await_stop
Sat Mar 14 07:07:32 2026: Dispatch Server: stopping mainFifo_
Sat Mar 14 07:07:32 2026: XCD main fifo: Stopping
Sat Mar 14 07:07:32 2026: XCD main fifo: do_read error code: Operation canceled
Sat Mar 14 07:07:32 2026: XCD main fifo: bytes_transferred: 0
Sat Mar 14 07:07:32 2026: SERVER: destructor for server bound to port 46407
Sat Mar 14 07:07:32 2026: XCD main fifo: Good unlink of /tmp/xcdmain1c632de9-284b-4bfa-a690-067f2f56b37d
Sat Mar 14 07:07:32 2026: Server exiting with status 0.
Sat Mar 14 07:07:32 2026: Closing log file.
Sat Mar 14 07:07:37 2026: Running xcd server. This server was built by gradle.
Sat Mar 14 07:07:37 2026: Server was asked to start on port: '42099'
Sat Mar 14 07:07:37 2026: Server is using token UUID: '5db6f685-9be4-45af-a2a4-65365c88c36a'
Sat Mar 14 07:07:37 2026: SESSION_MGR: creating session with session uuid: '6d04a3e9-ade5-4ab9-8d63-1f78fcd2ec76' and name 'default'
Sat Mar 14 07:07:37 2026: Attempting to start server on port '42099'
Sat Mar 14 07:07:37 2026: XCD main fifo: created main fifo '/tmp/xcdmain5db6f685-9be4-45af-a2a4-65365c88c36a', fd read = 13
Sat Mar 14 07:07:37 2026: Running Dispatch Server
Sat Mar 14 07:07:37 2026: Version 2.2.0
Sat Mar 14 07:07:39 2026: Dispatch Server: Accepted socket connection from client
Sat Mar 14 07:07:39 2026: Starting Socket connection
Sat Mar 14 07:07:39 2026: EXCHANGE_TOKEN received, server token: 5db6f685-9be4-45af-a2a4-65365c88c36a, passed token: 5db6f685-9be4-45af-a2a4-65365c88c36a
Sat Mar 14 07:07:39 2026: DISPATCH_HANDLER: Adding handler from function makeHandler in library libxv_system_diagram
Sat Mar 14 07:07:39 2026: SESSION_MGR: creating session with session uuid: '5bc65ced-ce93-4db3-98cd-90e6d68499b9' and name 'vitis-run_compile_mlp_inference'
Sat Mar 14 07:07:39 2026: KERNEL_SVC: creating session with uuid: '5bc65ced-ce93-4db3-98cd-90e6d68499b9' and name 'vitis-run_compile_mlp_inference'
Sat Mar 14 07:07:39 2026: GUIDANCE_SMGR: creating guidance session with uuid: '5bc65ced-ce93-4db3-98cd-90e6d68499b9' and name 'vitis-run_compile_mlp_inference'
Sat Mar 14 07:07:39 2026: SYSTEM_DIAGRAM: creating session with uuid: '5bc65ced-ce93-4db3-98cd-90e6d68499b9' and name 'vitis-run_compile_mlp_inference'
Sat Mar 14 07:07:42 2026: Dispatch Server: Accepted socket connection from client
Sat Mar 14 07:07:42 2026: Starting Socket connection
Sat Mar 14 07:07:45 2026: SESSION_MGR: closing session for UUID '5bc65ced-ce93-4db3-98cd-90e6d68499b9' with name 'vitis-run_compile_mlp_inference'
Sat Mar 14 07:07:45 2026: KERNEL_SVC: closing session for UUID '5bc65ced-ce93-4db3-98cd-90e6d68499b9' with name 'vitis-run_compile_mlp_inference'
Sat Mar 14 07:07:45 2026: GUIDANCE_SMGR: closing session for UUID '5bc65ced-ce93-4db3-98cd-90e6d68499b9' with name 'vitis-run_compile_mlp_inference'
Sat Mar 14 07:07:45 2026: SYSTEM_DIAGRAM: closing session for UUID '5bc65ced-ce93-4db3-98cd-90e6d68499b9' with name 'vitis-run_compile_mlp_inference'
Sat Mar 14 07:07:45 2026: STOP_SERVER received, server token: 5db6f685-9be4-45af-a2a4-65365c88c36a, passed token: 5db6f685-9be4-45af-a2a4-65365c88c36a
Sat Mar 14 07:07:45 2026: Socket received request to stop server.
Sat Mar 14 07:07:45 2026: Dispatch Server: do_await_stop
Sat Mar 14 07:07:45 2026: Dispatch Server: stopping mainFifo_
Sat Mar 14 07:07:45 2026: XCD main fifo: Stopping
Sat Mar 14 07:07:45 2026: XCD main fifo: do_read error code: Operation canceled
Sat Mar 14 07:07:45 2026: XCD main fifo: bytes_transferred: 0
Sat Mar 14 07:07:45 2026: SERVER: destructor for server bound to port 42099
Sat Mar 14 07:07:45 2026: XCD main fifo: Good unlink of /tmp/xcdmain5db6f685-9be4-45af-a2a4-65365c88c36a
Sat Mar 14 07:07:45 2026: Server exiting with status 0.
Sat Mar 14 07:07:45 2026: Closing log file.
Sat Mar 14 07:07:56 2026: Running xcd server. This server was built by gradle.
Sat Mar 14 07:07:56 2026: Server was asked to start on port: '36419'
Sat Mar 14 07:07:56 2026: Server is using token UUID: '3b566f60-2550-48d8-b041-b9d4542313c4'
Sat Mar 14 07:07:56 2026: SESSION_MGR: creating session with session uuid: '6d04a3e9-ade5-4ab9-8d63-1f78fcd2ec76' and name 'default'
Sat Mar 14 07:07:56 2026: Attempting to start server on port '36419'
Sat Mar 14 07:07:56 2026: XCD main fifo: created main fifo '/tmp/xcdmain3b566f60-2550-48d8-b041-b9d4542313c4', fd read = 13
Sat Mar 14 07:07:56 2026: Running Dispatch Server
Sat Mar 14 07:07:56 2026: Version 2.2.0
Sat Mar 14 07:07:58 2026: Dispatch Server: Accepted socket connection from client
Sat Mar 14 07:07:58 2026: Starting Socket connection
Sat Mar 14 07:07:58 2026: EXCHANGE_TOKEN received, server token: 3b566f60-2550-48d8-b041-b9d4542313c4, passed token: 3b566f60-2550-48d8-b041-b9d4542313c4
Sat Mar 14 07:07:58 2026: DISPATCH_HANDLER: Adding handler from function makeHandler in library libxv_system_diagram
Sat Mar 14 07:07:58 2026: SESSION_MGR: creating session with session uuid: 'd9bbd1b4-93c7-4a9d-91e6-15784189a87e' and name 'vitis-run_compile_mlp_inference'
Sat Mar 14 07:07:58 2026: KERNEL_SVC: creating session with uuid: 'd9bbd1b4-93c7-4a9d-91e6-15784189a87e' and name 'vitis-run_compile_mlp_inference'
Sat Mar 14 07:07:58 2026: GUIDANCE_SMGR: creating guidance session with uuid: 'd9bbd1b4-93c7-4a9d-91e6-15784189a87e' and name 'vitis-run_compile_mlp_inference'
Sat Mar 14 07:07:58 2026: SYSTEM_DIAGRAM: creating session with uuid: 'd9bbd1b4-93c7-4a9d-91e6-15784189a87e' and name 'vitis-run_compile_mlp_inference'
Sat Mar 14 07:08:01 2026: Dispatch Server: Accepted socket connection from client
Sat Mar 14 07:08:01 2026: Starting Socket connection
Sat Mar 14 07:08:01 2026: SESSION_MGR: closing session for UUID 'd9bbd1b4-93c7-4a9d-91e6-15784189a87e' with name 'vitis-run_compile_mlp_inference'
Sat Mar 14 07:08:01 2026: KERNEL_SVC: closing session for UUID 'd9bbd1b4-93c7-4a9d-91e6-15784189a87e' with name 'vitis-run_compile_mlp_inference'
Sat Mar 14 07:08:01 2026: GUIDANCE_SMGR: closing session for UUID 'd9bbd1b4-93c7-4a9d-91e6-15784189a87e' with name 'vitis-run_compile_mlp_inference'
Sat Mar 14 07:08:01 2026: SYSTEM_DIAGRAM: closing session for UUID 'd9bbd1b4-93c7-4a9d-91e6-15784189a87e' with name 'vitis-run_compile_mlp_inference'
Sat Mar 14 07:08:01 2026: STOP_SERVER received, server token: 3b566f60-2550-48d8-b041-b9d4542313c4, passed token: 3b566f60-2550-48d8-b041-b9d4542313c4
Sat Mar 14 07:08:01 2026: Socket received request to stop server.
Sat Mar 14 07:08:01 2026: Dispatch Server: do_await_stop
Sat Mar 14 07:08:01 2026: Dispatch Server: stopping mainFifo_
Sat Mar 14 07:08:01 2026: XCD main fifo: Stopping
Sat Mar 14 07:08:01 2026: XCD main fifo: do_read error code: Operation canceled
Sat Mar 14 07:08:01 2026: XCD main fifo: bytes_transferred: 0
Sat Mar 14 07:08:01 2026: SERVER: destructor for server bound to port 36419
Sat Mar 14 07:08:01 2026: XCD main fifo: Good unlink of /tmp/xcdmain3b566f60-2550-48d8-b041-b9d4542313c4
Sat Mar 14 07:08:01 2026: Server exiting with status 0.
Sat Mar 14 07:08:01 2026: Closing log file.
Sat Mar 14 07:08:31 2026: Running xcd server. This server was built by gradle.
Sat Mar 14 07:08:31 2026: Server was asked to start on port: '43257'
Sat Mar 14 07:08:31 2026: Server is using token UUID: 'd33e4c66-f037-4cbd-90ef-f83edbdb5fb9'
Sat Mar 14 07:08:31 2026: SESSION_MGR: creating session with session uuid: '6d04a3e9-ade5-4ab9-8d63-1f78fcd2ec76' and name 'default'
Sat Mar 14 07:08:31 2026: Attempting to start server on port '43257'
Sat Mar 14 07:08:31 2026: XCD main fifo: created main fifo '/tmp/xcdmaind33e4c66-f037-4cbd-90ef-f83edbdb5fb9', fd read = 13
Sat Mar 14 07:08:31 2026: Running Dispatch Server
Sat Mar 14 07:08:31 2026: Version 2.2.0
Sat Mar 14 07:08:33 2026: Dispatch Server: Accepted socket connection from client
Sat Mar 14 07:08:33 2026: Starting Socket connection
Sat Mar 14 07:08:33 2026: EXCHANGE_TOKEN received, server token: d33e4c66-f037-4cbd-90ef-f83edbdb5fb9, passed token: d33e4c66-f037-4cbd-90ef-f83edbdb5fb9
Sat Mar 14 07:08:33 2026: DISPATCH_HANDLER: Adding handler from function makeHandler in library libxv_system_diagram
Sat Mar 14 07:08:33 2026: SESSION_MGR: creating session with session uuid: '56a5156c-1b06-45eb-b7ae-8b1e92282641' and name 'vitis-run_compile_mlp_inference'
Sat Mar 14 07:08:33 2026: KERNEL_SVC: creating session with uuid: '56a5156c-1b06-45eb-b7ae-8b1e92282641' and name 'vitis-run_compile_mlp_inference'
Sat Mar 14 07:08:33 2026: GUIDANCE_SMGR: creating guidance session with uuid: '56a5156c-1b06-45eb-b7ae-8b1e92282641' and name 'vitis-run_compile_mlp_inference'
Sat Mar 14 07:08:33 2026: SYSTEM_DIAGRAM: creating session with uuid: '56a5156c-1b06-45eb-b7ae-8b1e92282641' and name 'vitis-run_compile_mlp_inference'
Sat Mar 14 07:08:36 2026: Dispatch Server: Accepted socket connection from client
Sat Mar 14 07:08:36 2026: Starting Socket connection
Sat Mar 14 07:08:50 2026: SESSION_MGR: closing session for UUID '56a5156c-1b06-45eb-b7ae-8b1e92282641' with name 'vitis-run_compile_mlp_inference'
Sat Mar 14 07:08:50 2026: KERNEL_SVC: closing session for UUID '56a5156c-1b06-45eb-b7ae-8b1e92282641' with name 'vitis-run_compile_mlp_inference'
Sat Mar 14 07:08:50 2026: GUIDANCE_SMGR: closing session for UUID '56a5156c-1b06-45eb-b7ae-8b1e92282641' with name 'vitis-run_compile_mlp_inference'
Sat Mar 14 07:08:50 2026: SYSTEM_DIAGRAM: closing session for UUID '56a5156c-1b06-45eb-b7ae-8b1e92282641' with name 'vitis-run_compile_mlp_inference'
Sat Mar 14 07:08:50 2026: STOP_SERVER received, server token: d33e4c66-f037-4cbd-90ef-f83edbdb5fb9, passed token: d33e4c66-f037-4cbd-90ef-f83edbdb5fb9
Sat Mar 14 07:08:50 2026: Socket received request to stop server.
Sat Mar 14 07:08:50 2026: Dispatch Server: do_await_stop
Sat Mar 14 07:08:50 2026: Dispatch Server: stopping mainFifo_
Sat Mar 14 07:08:50 2026: XCD main fifo: Stopping
Sat Mar 14 07:08:50 2026: XCD main fifo: do_read error code: Operation canceled
Sat Mar 14 07:08:50 2026: XCD main fifo: bytes_transferred: 0
Sat Mar 14 07:08:50 2026: SERVER: destructor for server bound to port 43257
Sat Mar 14 07:08:50 2026: XCD main fifo: Good unlink of /tmp/xcdmaind33e4c66-f037-4cbd-90ef-f83edbdb5fb9
Sat Mar 14 07:08:50 2026: Server exiting with status 0.
Sat Mar 14 07:08:50 2026: Closing log file.
Sat Mar 14 07:09:28 2026: Running xcd server. This server was built by gradle.
Sat Mar 14 07:09:28 2026: Server was asked to start on port: '34689'
Sat Mar 14 07:09:28 2026: Server is using token UUID: '702f400f-5a68-4748-9147-6897a3e58676'
Sat Mar 14 07:09:28 2026: SESSION_MGR: creating session with session uuid: '6d04a3e9-ade5-4ab9-8d63-1f78fcd2ec76' and name 'default'
Sat Mar 14 07:09:28 2026: Attempting to start server on port '34689'
Sat Mar 14 07:09:28 2026: XCD main fifo: created main fifo '/tmp/xcdmain702f400f-5a68-4748-9147-6897a3e58676', fd read = 13
Sat Mar 14 07:09:28 2026: Running Dispatch Server
Sat Mar 14 07:09:28 2026: Version 2.2.0
Sat Mar 14 07:09:30 2026: Dispatch Server: Accepted socket connection from client
Sat Mar 14 07:09:30 2026: Starting Socket connection
Sat Mar 14 07:09:30 2026: EXCHANGE_TOKEN received, server token: 702f400f-5a68-4748-9147-6897a3e58676, passed token: 702f400f-5a68-4748-9147-6897a3e58676
Sat Mar 14 07:09:30 2026: DISPATCH_HANDLER: Adding handler from function makeHandler in library libxv_system_diagram
Sat Mar 14 07:09:30 2026: SESSION_MGR: creating session with session uuid: '39052d17-6642-4f79-b8b1-f3c256c4698b' and name 'vitis-run_compile_mlp_inference'
Sat Mar 14 07:09:30 2026: KERNEL_SVC: creating session with uuid: '39052d17-6642-4f79-b8b1-f3c256c4698b' and name 'vitis-run_compile_mlp_inference'
Sat Mar 14 07:09:30 2026: GUIDANCE_SMGR: creating guidance session with uuid: '39052d17-6642-4f79-b8b1-f3c256c4698b' and name 'vitis-run_compile_mlp_inference'
Sat Mar 14 07:09:30 2026: SYSTEM_DIAGRAM: creating session with uuid: '39052d17-6642-4f79-b8b1-f3c256c4698b' and name 'vitis-run_compile_mlp_inference'
Sat Mar 14 07:09:33 2026: Dispatch Server: Accepted socket connection from client
Sat Mar 14 07:09:33 2026: Starting Socket connection
Sat Mar 14 07:09:46 2026: SESSION_MGR: closing session for UUID '39052d17-6642-4f79-b8b1-f3c256c4698b' with name 'vitis-run_compile_mlp_inference'
Sat Mar 14 07:09:46 2026: KERNEL_SVC: closing session for UUID '39052d17-6642-4f79-b8b1-f3c256c4698b' with name 'vitis-run_compile_mlp_inference'
Sat Mar 14 07:09:46 2026: GUIDANCE_SMGR: closing session for UUID '39052d17-6642-4f79-b8b1-f3c256c4698b' with name 'vitis-run_compile_mlp_inference'
Sat Mar 14 07:09:46 2026: SYSTEM_DIAGRAM: closing session for UUID '39052d17-6642-4f79-b8b1-f3c256c4698b' with name 'vitis-run_compile_mlp_inference'
Sat Mar 14 07:09:46 2026: STOP_SERVER received, server token: 702f400f-5a68-4748-9147-6897a3e58676, passed token: 702f400f-5a68-4748-9147-6897a3e58676
Sat Mar 14 07:09:46 2026: Socket received request to stop server.
Sat Mar 14 07:09:46 2026: Dispatch Server: do_await_stop
Sat Mar 14 07:09:46 2026: Dispatch Server: stopping mainFifo_
Sat Mar 14 07:09:46 2026: XCD main fifo: Stopping
Sat Mar 14 07:09:46 2026: XCD main fifo: do_read error code: Operation canceled
Sat Mar 14 07:09:46 2026: XCD main fifo: bytes_transferred: 0
Sat Mar 14 07:09:46 2026: SERVER: destructor for server bound to port 34689
Sat Mar 14 07:09:46 2026: XCD main fifo: Good unlink of /tmp/xcdmain702f400f-5a68-4748-9147-6897a3e58676
Sat Mar 14 07:09:46 2026: Server exiting with status 0.
Sat Mar 14 07:09:46 2026: Closing log file.
Sat Mar 14 07:12:03 2026: Running xcd server. This server was built by gradle.
Sat Mar 14 07:12:03 2026: Server was asked to start on port: '43969'
Sat Mar 14 07:12:03 2026: Server is using token UUID: '527e933e-7cee-493f-8d2a-518ee742dde7'
Sat Mar 14 07:12:03 2026: SESSION_MGR: creating session with session uuid: '6d04a3e9-ade5-4ab9-8d63-1f78fcd2ec76' and name 'default'
Sat Mar 14 07:12:03 2026: Attempting to start server on port '43969'
Sat Mar 14 07:12:03 2026: XCD main fifo: created main fifo '/tmp/xcdmain527e933e-7cee-493f-8d2a-518ee742dde7', fd read = 13
Sat Mar 14 07:12:03 2026: Running Dispatch Server
Sat Mar 14 07:12:03 2026: Version 2.2.0
Sat Mar 14 07:12:04 2026: Dispatch Server: Accepted socket connection from client
Sat Mar 14 07:12:04 2026: Starting Socket connection
Sat Mar 14 07:12:04 2026: EXCHANGE_TOKEN received, server token: 527e933e-7cee-493f-8d2a-518ee742dde7, passed token: 527e933e-7cee-493f-8d2a-518ee742dde7
Sat Mar 14 07:12:05 2026: DISPATCH_HANDLER: Adding handler from function makeHandler in library libxv_system_diagram
Sat Mar 14 07:12:05 2026: SESSION_MGR: creating session with session uuid: 'd9c7ad1c-0399-4f5e-acab-fa0d0c164cd9' and name 'vitis-run_compile_mlp_inference'
Sat Mar 14 07:12:05 2026: KERNEL_SVC: creating session with uuid: 'd9c7ad1c-0399-4f5e-acab-fa0d0c164cd9' and name 'vitis-run_compile_mlp_inference'
Sat Mar 14 07:12:05 2026: GUIDANCE_SMGR: creating guidance session with uuid: 'd9c7ad1c-0399-4f5e-acab-fa0d0c164cd9' and name 'vitis-run_compile_mlp_inference'
Sat Mar 14 07:12:05 2026: SYSTEM_DIAGRAM: creating session with uuid: 'd9c7ad1c-0399-4f5e-acab-fa0d0c164cd9' and name 'vitis-run_compile_mlp_inference'
Sat Mar 14 07:12:07 2026: Dispatch Server: Accepted socket connection from client
Sat Mar 14 07:12:07 2026: Starting Socket connection
Sat Mar 14 07:13:11 2026: SESSION_MGR: closing session for UUID 'd9c7ad1c-0399-4f5e-acab-fa0d0c164cd9' with name 'vitis-run_compile_mlp_inference'
Sat Mar 14 07:13:11 2026: KERNEL_SVC: closing session for UUID 'd9c7ad1c-0399-4f5e-acab-fa0d0c164cd9' with name 'vitis-run_compile_mlp_inference'
Sat Mar 14 07:13:11 2026: GUIDANCE_SMGR: closing session for UUID 'd9c7ad1c-0399-4f5e-acab-fa0d0c164cd9' with name 'vitis-run_compile_mlp_inference'
Sat Mar 14 07:13:11 2026: SYSTEM_DIAGRAM: closing session for UUID 'd9c7ad1c-0399-4f5e-acab-fa0d0c164cd9' with name 'vitis-run_compile_mlp_inference'
Sat Mar 14 07:13:11 2026: STOP_SERVER received, server token: 527e933e-7cee-493f-8d2a-518ee742dde7, passed token: 527e933e-7cee-493f-8d2a-518ee742dde7
Sat Mar 14 07:13:11 2026: Socket received request to stop server.
Sat Mar 14 07:13:11 2026: Dispatch Server: do_await_stop
Sat Mar 14 07:13:11 2026: Dispatch Server: stopping mainFifo_
Sat Mar 14 07:13:11 2026: XCD main fifo: Stopping
Sat Mar 14 07:13:11 2026: XCD main fifo: do_read error code: Operation canceled
Sat Mar 14 07:13:11 2026: XCD main fifo: bytes_transferred: 0
Sat Mar 14 07:13:11 2026: SERVER: destructor for server bound to port 43969
Sat Mar 14 07:13:11 2026: XCD main fifo: Good unlink of /tmp/xcdmain527e933e-7cee-493f-8d2a-518ee742dde7
Sat Mar 14 07:13:11 2026: Server exiting with status 0.
Sat Mar 14 07:13:11 2026: Closing log file.
Sat Mar 14 07:18:39 2026: Running xcd server. This server was built by gradle.
Sat Mar 14 07:18:39 2026: Server was asked to start on port: '36677'
Sat Mar 14 07:18:39 2026: Server is using token UUID: 'ed03eeae-810f-4430-8ff7-272b823b28e0'
Sat Mar 14 07:18:39 2026: SESSION_MGR: creating session with session uuid: '6d04a3e9-ade5-4ab9-8d63-1f78fcd2ec76' and name 'default'
Sat Mar 14 07:18:39 2026: Attempting to start server on port '36677'
Sat Mar 14 07:18:39 2026: XCD main fifo: created main fifo '/tmp/xcdmained03eeae-810f-4430-8ff7-272b823b28e0', fd read = 13
Sat Mar 14 07:18:39 2026: Running Dispatch Server
Sat Mar 14 07:18:39 2026: Version 2.2.0
Sat Mar 14 07:18:41 2026: Dispatch Server: Accepted socket connection from client
Sat Mar 14 07:18:41 2026: Starting Socket connection
Sat Mar 14 07:18:41 2026: EXCHANGE_TOKEN received, server token: ed03eeae-810f-4430-8ff7-272b823b28e0, passed token: ed03eeae-810f-4430-8ff7-272b823b28e0
Sat Mar 14 07:18:41 2026: DISPATCH_HANDLER: Adding handler from function makeHandler in library libxv_system_diagram
Sat Mar 14 07:18:41 2026: SESSION_MGR: creating session with session uuid: '298aca7f-ee51-4d05-869e-23b7fd986a31' and name 'vitis-run_compile_mlp_inference'
Sat Mar 14 07:18:41 2026: KERNEL_SVC: creating session with uuid: '298aca7f-ee51-4d05-869e-23b7fd986a31' and name 'vitis-run_compile_mlp_inference'
Sat Mar 14 07:18:41 2026: GUIDANCE_SMGR: creating guidance session with uuid: '298aca7f-ee51-4d05-869e-23b7fd986a31' and name 'vitis-run_compile_mlp_inference'
Sat Mar 14 07:18:41 2026: SYSTEM_DIAGRAM: creating session with uuid: '298aca7f-ee51-4d05-869e-23b7fd986a31' and name 'vitis-run_compile_mlp_inference'
Sat Mar 14 07:18:44 2026: Dispatch Server: Accepted socket connection from client
Sat Mar 14 07:18:44 2026: Starting Socket connection
Sat Mar 14 07:18:44 2026: SESSION_MGR: closing session for UUID '298aca7f-ee51-4d05-869e-23b7fd986a31' with name 'vitis-run_compile_mlp_inference'
Sat Mar 14 07:18:44 2026: KERNEL_SVC: closing session for UUID '298aca7f-ee51-4d05-869e-23b7fd986a31' with name 'vitis-run_compile_mlp_inference'
Sat Mar 14 07:18:44 2026: GUIDANCE_SMGR: closing session for UUID '298aca7f-ee51-4d05-869e-23b7fd986a31' with name 'vitis-run_compile_mlp_inference'
Sat Mar 14 07:18:44 2026: SYSTEM_DIAGRAM: closing session for UUID '298aca7f-ee51-4d05-869e-23b7fd986a31' with name 'vitis-run_compile_mlp_inference'
Sat Mar 14 07:18:44 2026: STOP_SERVER received, server token: ed03eeae-810f-4430-8ff7-272b823b28e0, passed token: ed03eeae-810f-4430-8ff7-272b823b28e0
Sat Mar 14 07:18:44 2026: Socket received request to stop server.
Sat Mar 14 07:18:44 2026: Dispatch Server: do_await_stop
Sat Mar 14 07:18:44 2026: Dispatch Server: stopping mainFifo_
Sat Mar 14 07:18:44 2026: XCD main fifo: Stopping
Sat Mar 14 07:18:44 2026: XCD main fifo: do_read error code: Operation canceled
Sat Mar 14 07:18:44 2026: XCD main fifo: bytes_transferred: 0
Sat Mar 14 07:18:44 2026: SERVER: destructor for server bound to port 36677
Sat Mar 14 07:18:44 2026: XCD main fifo: Good unlink of /tmp/xcdmained03eeae-810f-4430-8ff7-272b823b28e0
Sat Mar 14 07:18:44 2026: Server exiting with status 0.
Sat Mar 14 07:18:44 2026: Closing log file.
Sat Mar 14 07:19:00 2026: Running xcd server. This server was built by gradle.
Sat Mar 14 07:19:00 2026: Server was asked to start on port: '41951'
Sat Mar 14 07:19:00 2026: Server is using token UUID: 'aaf3e7d9-4197-41bf-bb91-a54420be115a'
Sat Mar 14 07:19:00 2026: SESSION_MGR: creating session with session uuid: '6d04a3e9-ade5-4ab9-8d63-1f78fcd2ec76' and name 'default'
Sat Mar 14 07:19:00 2026: Attempting to start server on port '41951'
Sat Mar 14 07:19:00 2026: XCD main fifo: created main fifo '/tmp/xcdmainaaf3e7d9-4197-41bf-bb91-a54420be115a', fd read = 13
Sat Mar 14 07:19:00 2026: Running Dispatch Server
Sat Mar 14 07:19:00 2026: Version 2.2.0
Sat Mar 14 07:19:02 2026: Dispatch Server: Accepted socket connection from client
Sat Mar 14 07:19:02 2026: Starting Socket connection
Sat Mar 14 07:19:02 2026: EXCHANGE_TOKEN received, server token: aaf3e7d9-4197-41bf-bb91-a54420be115a, passed token: aaf3e7d9-4197-41bf-bb91-a54420be115a
Sat Mar 14 07:19:02 2026: DISPATCH_HANDLER: Adding handler from function makeHandler in library libxv_system_diagram
Sat Mar 14 07:19:02 2026: SESSION_MGR: creating session with session uuid: '84d96346-13e3-4e58-9619-55b79abed874' and name 'vitis-run_compile_mlp_inference'
Sat Mar 14 07:19:02 2026: KERNEL_SVC: creating session with uuid: '84d96346-13e3-4e58-9619-55b79abed874' and name 'vitis-run_compile_mlp_inference'
Sat Mar 14 07:19:02 2026: GUIDANCE_SMGR: creating guidance session with uuid: '84d96346-13e3-4e58-9619-55b79abed874' and name 'vitis-run_compile_mlp_inference'
Sat Mar 14 07:19:02 2026: SYSTEM_DIAGRAM: creating session with uuid: '84d96346-13e3-4e58-9619-55b79abed874' and name 'vitis-run_compile_mlp_inference'
Sat Mar 14 07:19:05 2026: Dispatch Server: Accepted socket connection from client
Sat Mar 14 07:19:05 2026: Starting Socket connection
Sat Mar 14 07:19:05 2026: SESSION_MGR: closing session for UUID '84d96346-13e3-4e58-9619-55b79abed874' with name 'vitis-run_compile_mlp_inference'
Sat Mar 14 07:19:05 2026: KERNEL_SVC: closing session for UUID '84d96346-13e3-4e58-9619-55b79abed874' with name 'vitis-run_compile_mlp_inference'
Sat Mar 14 07:19:05 2026: GUIDANCE_SMGR: closing session for UUID '84d96346-13e3-4e58-9619-55b79abed874' with name 'vitis-run_compile_mlp_inference'
Sat Mar 14 07:19:05 2026: SYSTEM_DIAGRAM: closing session for UUID '84d96346-13e3-4e58-9619-55b79abed874' with name 'vitis-run_compile_mlp_inference'
Sat Mar 14 07:19:05 2026: STOP_SERVER received, server token: aaf3e7d9-4197-41bf-bb91-a54420be115a, passed token: aaf3e7d9-4197-41bf-bb91-a54420be115a
Sat Mar 14 07:19:05 2026: Socket received request to stop server.
Sat Mar 14 07:19:05 2026: Dispatch Server: do_await_stop
Sat Mar 14 07:19:05 2026: Dispatch Server: stopping mainFifo_
Sat Mar 14 07:19:05 2026: XCD main fifo: Stopping
Sat Mar 14 07:19:05 2026: XCD main fifo: do_read error code: Operation canceled
Sat Mar 14 07:19:05 2026: XCD main fifo: bytes_transferred: 0
Sat Mar 14 07:19:05 2026: SERVER: destructor for server bound to port 41951
Sat Mar 14 07:19:05 2026: XCD main fifo: Good unlink of /tmp/xcdmainaaf3e7d9-4197-41bf-bb91-a54420be115a
Sat Mar 14 07:19:05 2026: Server exiting with status 0.
Sat Mar 14 07:19:05 2026: Closing log file.
Sat Mar 14 07:47:35 2026: Running xcd server. This server was built by gradle.
Sat Mar 14 07:47:35 2026: Server was asked to start on port: '42429'
Sat Mar 14 07:47:35 2026: Server is using token UUID: 'c8909304-f59f-4dd2-abc1-3a751e8b3a00'
Sat Mar 14 07:47:35 2026: SESSION_MGR: creating session with session uuid: '6d04a3e9-ade5-4ab9-8d63-1f78fcd2ec76' and name 'default'
Sat Mar 14 07:47:35 2026: Attempting to start server on port '42429'
Sat Mar 14 07:47:35 2026: XCD main fifo: created main fifo '/tmp/xcdmainc8909304-f59f-4dd2-abc1-3a751e8b3a00', fd read = 13
Sat Mar 14 07:47:35 2026: Running Dispatch Server
Sat Mar 14 07:47:35 2026: Version 2.2.0
Sat Mar 14 07:47:37 2026: Dispatch Server: Accepted socket connection from client
Sat Mar 14 07:47:37 2026: Starting Socket connection
Sat Mar 14 07:47:37 2026: EXCHANGE_TOKEN received, server token: c8909304-f59f-4dd2-abc1-3a751e8b3a00, passed token: c8909304-f59f-4dd2-abc1-3a751e8b3a00
Sat Mar 14 07:47:37 2026: DISPATCH_HANDLER: Adding handler from function makeHandler in library libxv_system_diagram
Sat Mar 14 07:47:37 2026: SESSION_MGR: creating session with session uuid: '6647c319-eb7e-42d0-b940-46511ccf6c22' and name 'vitis-run_compile_mlp_inference'
Sat Mar 14 07:47:37 2026: KERNEL_SVC: creating session with uuid: '6647c319-eb7e-42d0-b940-46511ccf6c22' and name 'vitis-run_compile_mlp_inference'
Sat Mar 14 07:47:37 2026: GUIDANCE_SMGR: creating guidance session with uuid: '6647c319-eb7e-42d0-b940-46511ccf6c22' and name 'vitis-run_compile_mlp_inference'
Sat Mar 14 07:47:37 2026: SYSTEM_DIAGRAM: creating session with uuid: '6647c319-eb7e-42d0-b940-46511ccf6c22' and name 'vitis-run_compile_mlp_inference'
Sat Mar 14 07:47:40 2026: Dispatch Server: Accepted socket connection from client
Sat Mar 14 07:47:40 2026: Starting Socket connection
Sat Mar 14 07:48:45 2026: SESSION_MGR: closing session for UUID '6647c319-eb7e-42d0-b940-46511ccf6c22' with name 'vitis-run_compile_mlp_inference'
Sat Mar 14 07:48:45 2026: KERNEL_SVC: closing session for UUID '6647c319-eb7e-42d0-b940-46511ccf6c22' with name 'vitis-run_compile_mlp_inference'
Sat Mar 14 07:48:45 2026: GUIDANCE_SMGR: closing session for UUID '6647c319-eb7e-42d0-b940-46511ccf6c22' with name 'vitis-run_compile_mlp_inference'
Sat Mar 14 07:48:45 2026: SYSTEM_DIAGRAM: closing session for UUID '6647c319-eb7e-42d0-b940-46511ccf6c22' with name 'vitis-run_compile_mlp_inference'
Sat Mar 14 07:48:45 2026: STOP_SERVER received, server token: c8909304-f59f-4dd2-abc1-3a751e8b3a00, passed token: c8909304-f59f-4dd2-abc1-3a751e8b3a00
Sat Mar 14 07:48:45 2026: Socket received request to stop server.
Sat Mar 14 07:48:45 2026: Dispatch Server: do_await_stop
Sat Mar 14 07:48:45 2026: Dispatch Server: stopping mainFifo_
Sat Mar 14 07:48:45 2026: XCD main fifo: Stopping
Sat Mar 14 07:48:45 2026: XCD main fifo: do_read error code: Operation canceled
Sat Mar 14 07:48:45 2026: XCD main fifo: bytes_transferred: 0
Sat Mar 14 07:48:45 2026: SERVER: destructor for server bound to port 42429
Sat Mar 14 07:48:45 2026: XCD main fifo: Good unlink of /tmp/xcdmainc8909304-f59f-4dd2-abc1-3a751e8b3a00
Sat Mar 14 07:48:45 2026: Server exiting with status 0.
Sat Mar 14 07:48:45 2026: Closing log file.
